[2023-03-28 09:55:51 +0530] [3759529] [INFO] Starting gunicorn 20.1.0
[2023-03-28 09:55:51 +0530] [3759529] [INFO] Listening at: http://127.0.0.1:6789 (3759529)
[2023-03-28 09:55:51 +0530] [3759529] [INFO] Using worker: sync
[2023-03-28 09:55:51 +0530] [3759531] [INFO] Booting worker with pid: 3759531
Running speaker add function
File saved at /home/smtlab/VaulterVoice/SpkVer/uploads/ishika_hindi_2023_03_28_09_56_11_495440.wav
spk_id: ishika
audio file written to: /home/smtlab/VaulterVoice/SpkVer/spk_audio//ishika/ishika_hindi_2023_03_28_09_56_11_495440.wav
127.0.0.1 - - [28/Mar/2023:09:56:11 +0530] "POST //add HTTP/1.1" 200 21 "-" "PostmanRuntime/7.31.3"
Running speaker verification function
File saved at /home/smtlab/VaulterVoice/SpkVer/uploads/ishika_tamil_2023_03_28_09_56_15_368143.wav
spk_id: ishika
score: tensor([[0.1497]])
ver_status: False
127.0.0.1 - - [28/Mar/2023:09:56:15 +0530] "POST //verify HTTP/1.1" 200 49 "-" "PostmanRuntime/7.31.3"
Running speaker verification function
File saved at /home/smtlab/VaulterVoice/SpkVer/uploads/ishika_german_2023_03_28_09_56_22_926434.wav
spk_id: ishika
score: tensor([[0.3591]])
score: tensor([[0.1666]])
ver_status: False
127.0.0.1 - - [28/Mar/2023:09:56:23 +0530] "POST //verify HTTP/1.1" 200 49 "-" "PostmanRuntime/7.31.3"
Running speaker verification function
File saved at /home/smtlab/VaulterVoice/SpkVer/uploads/ishika_german_2023_03_28_09_56_50_541918.wav
spk_id: ishika
score: tensor([[0.3591]])
score: tensor([[0.1666]])
ver_status: False
127.0.0.1 - - [28/Mar/2023:09:56:51 +0530] "POST //verify HTTP/1.1" 200 49 "-" "PostmanRuntime/7.31.3"
